<?xml version="1.0" encoding="UTF-8" standalone="yes"?><!DOCTYPE report PUBLIC "-//JACOCO//DTD Report 1.0//EN" "report.dtd"><report name="LessCSS Compiler"><sessioninfo id="shawna-6aea509a" start="1475409028656" dump="1475409032223"/><package name="biz/gabrys/lesscss/compiler"><class name="biz/gabrys/lesscss/compiler/CompilerException"><method name="&lt;init&gt;" desc="(Ljava/lang/String;)V" line="29"><counter type="INSTRUCTION" missed="4" covered="0"/><counter type="LINE" missed="2" covered="0"/><counter type="COMPLEXITY" missed="1" covered="0"/><counter type="METHOD" missed="1" covered="0"/></method><method name="&lt;init&gt;" desc="(Ljava/lang/String;Ljava/lang/Throwable;)V" line="39"><counter type="INSTRUCTION" missed="0" covered="5"/><counter type="LINE" missed="0" covered="2"/><counter type="COMPLEXITY" missed="0" covered="1"/><counter type="METHOD" missed="0" covered="1"/></method><method name="&lt;init&gt;" desc="(Ljava/lang/Throwable;)V" line="48"><counter type="INSTRUCTION" missed="4" covered="0"/><counter type="LINE" missed="2" covered="0"/><counter type="COMPLEXITY" missed="1" covered="0"/><counter type="METHOD" missed="1" covered="0"/></method><counter type="INSTRUCTION" missed="8" covered="5"/><counter type="LINE" missed="4" covered="2"/><counter type="COMPLEXITY" missed="2" covered="1"/><counter type="METHOD" missed="2" covered="1"/><counter type="CLASS" missed="0" covered="1"/></class><class name="biz/gabrys/lesscss/compiler/SyntaxException"><method name="&lt;init&gt;" desc="(Ljava/lang/String;)V" line="29"><counter type="INSTRUCTION" missed="4" covered="0"/><counter type="LINE" missed="2" covered="0"/><counter type="COMPLEXITY" missed="1" covered="0"/><counter type="METHOD" missed="1" covered="0"/></method><method name="&lt;init&gt;" desc="(Ljava/lang/String;Ljava/lang/Throwable;)V" line="39"><counter type="INSTRUCTION" missed="0" covered="5"/><counter type="LINE" missed="0" covered="2"/><counter type="COMPLEXITY" missed="0" covered="1"/><counter type="METHOD" missed="0" covered="1"/></method><method name="&lt;init&gt;" desc="(Ljava/lang/Throwable;)V" line="48"><counter type="INSTRUCTION" missed="4" covered="0"/><counter type="LINE" missed="2" covered="0"/><counter type="COMPLEXITY" missed="1" covered="0"/><counter type="METHOD" missed="1" covered="0"/></method><counter type="INSTRUCTION" missed="8" covered="5"/><counter type="LINE" missed="4" covered="2"/><counter type="COMPLEXITY" missed="2" covered="1"/><counter type="METHOD" missed="2" covered="1"/><counter type="CLASS" missed="0" covered="1"/></class><class name="biz/gabrys/lesscss/compiler/LessCompilerImpl"><method name="&lt;init&gt;" desc="()V" line="61"><counter type="INSTRUCTION" missed="0" covered="8"/><counter type="LINE" missed="0" covered="3"/><counter type="COMPLEXITY" missed="0" covered="1"/><counter type="METHOD" missed="0" covered="1"/></method><method name="compile" desc="(Ljava/io/File;)Ljava/lang/String;" line="83"><counter type="INSTRUCTION" missed="0" covered="8"/><counter type="LINE" missed="0" covered="1"/><counter type="COMPLEXITY" missed="0" covered="1"/><counter type="METHOD" missed="0" covered="1"/></method><method name="compile" desc="(Ljava/io/File;Lbiz/gabrys/lesscss/compiler/CompilerOptions;)Ljava/lang/String;" line="94"><counter type="INSTRUCTION" missed="6" covered="76"/><counter type="BRANCH" missed="0" covered="2"/><counter type="LINE" missed="2" covered="16"/><counter type="COMPLEXITY" missed="0" covered="2"/><counter type="METHOD" missed="0" covered="1"/></method><method name="initialize" desc="()V" line="124"><counter type="INSTRUCTION" missed="11" covered="78"/><counter type="LINE" missed="2" covered="17"/><counter type="COMPLEXITY" missed="0" covered="1"/><counter type="METHOD" missed="0" covered="1"/></method><method name="prepareCompilerArguments" desc="(Ljava/io/File;Lbiz/gabrys/lesscss/compiler/CompilerOptions;)[Ljava/lang/Object;" line="153"><counter type="INSTRUCTION" missed="0" covered="17"/><counter type="LINE" missed="0" covered="4"/><counter type="COMPLEXITY" missed="0" covered="1"/><counter type="METHOD" missed="0" covered="1"/></method><method name="parseException" desc="(Lorg/mozilla/javascript/JavaScriptException;)Lbiz/gabrys/lesscss/compiler/CompilerException;" line="160"><counter type="INSTRUCTION" missed="5" covered="37"/><counter type="BRANCH" missed="2" covered="4"/><counter type="LINE" missed="1" covered="7"/><counter type="COMPLEXITY" missed="2" covered="2"/><counter type="METHOD" missed="0" covered="1"/></method><method name="&lt;clinit&gt;" desc="()V" line="56"><counter type="INSTRUCTION" missed="0" covered="4"/><counter type="LINE" missed="0" covered="1"/><counter type="COMPLEXITY" missed="0" covered="1"/><counter type="METHOD" missed="0" covered="1"/></method><counter type="INSTRUCTION" missed="22" covered="228"/><counter type="BRANCH" missed="2" covered="6"/><counter type="LINE" missed="5" covered="49"/><counter type="COMPLEXITY" missed="2" covered="9"/><counter type="METHOD" missed="0" covered="7"/><counter type="CLASS" missed="0" covered="1"/></class><class name="biz/gabrys/lesscss/compiler/ResolveImportException"><method name="&lt;init&gt;" desc="(Ljava/lang/String;Ljava/lang/String;)V" line="32"><counter type="INSTRUCTION" missed="7" covered="0"/><counter type="LINE" missed="3" covered="0"/><counter type="COMPLEXITY" missed="1" covered="0"/><counter type="METHOD" missed="1" covered="0"/></method><method name="&lt;init&gt;" desc="(Ljava/lang/String;Ljava/lang/String;Ljava/lang/Throwable;)V" line="44"><counter type="INSTRUCTION" missed="0" covered="8"/><counter type="LINE" missed="0" covered="3"/><counter type="COMPLEXITY" missed="0" covered="1"/><counter type="METHOD" missed="0" covered="1"/></method><method name="getFileName" desc="()Ljava/lang/String;" line="53"><counter type="INSTRUCTION" missed="0" covered="3"/><counter type="LINE" missed="0" covered="1"/><counter type="COMPLEXITY" missed="0" covered="1"/><counter type="METHOD" missed="0" covered="1"/></method><counter type="INSTRUCTION" missed="7" covered="11"/><counter type="LINE" missed="3" covered="4"/><counter type="COMPLEXITY" missed="1" covered="2"/><counter type="METHOD" missed="1" covered="2"/><counter type="CLASS" missed="0" covered="1"/></class><class name="biz/gabrys/lesscss/compiler/OperatingSystemCheckerImpl"><method name="&lt;init&gt;" desc="()V" line="28"><counter type="INSTRUCTION" missed="0" covered="9"/><counter type="LINE" missed="0" covered="3"/><counter type="COMPLEXITY" missed="0" covered="1"/><counter type="METHOD" missed="0" covered="1"/></method><method name="isWindows" desc="()Z" line="33"><counter type="INSTRUCTION" missed="3" covered="0"/><counter type="LINE" missed="1" covered="0"/><counter type="COMPLEXITY" missed="1" covered="0"/><counter type="METHOD" missed="1" covered="0"/></method><counter type="INSTRUCTION" missed="3" covered="9"/><counter type="LINE" missed="1" covered="3"/><counter type="COMPLEXITY" missed="1" covered="1"/><counter type="METHOD" missed="1" covered="1"/><counter type="CLASS" missed="0" covered="1"/></class><class name="biz/gabrys/lesscss/compiler/CompilerOptions"><method name="&lt;init&gt;" desc="(Ljava/util/List;)V" line="33"><counter type="INSTRUCTION" missed="0" covered="9"/><counter type="LINE" missed="0" covered="3"/><counter type="COMPLEXITY" missed="0" covered="1"/><counter type="METHOD" missed="0" covered="1"/></method><method name="getArguments" desc="()Ljava/util/List;" line="44"><counter type="INSTRUCTION" missed="0" covered="6"/><counter type="LINE" missed="0" covered="1"/><counter type="COMPLEXITY" missed="0" covered="1"/><counter type="METHOD" missed="0" covered="1"/></method><counter type="INSTRUCTION" missed="0" covered="15"/><counter type="LINE" missed="0" covered="4"/><counter type="COMPLEXITY" missed="0" covered="2"/><counter type="METHOD" missed="0" covered="2"/><counter type="CLASS" missed="0" covered="1"/></class><class name="biz/gabrys/lesscss/compiler/InitializationException"><method name="&lt;init&gt;" desc="(Ljava/lang/String;)V" line="29"><counter type="INSTRUCTION" missed="4" covered="0"/><counter type="LINE" missed="2" covered="0"/><counter type="COMPLEXITY" missed="1" covered="0"/><counter type="METHOD" missed="1" covered="0"/></method><method name="&lt;init&gt;" desc="(Ljava/lang/String;Ljava/lang/Throwable;)V" line="39"><counter type="INSTRUCTION" missed="5" covered="0"/><counter type="LINE" missed="2" covered="0"/><counter type="COMPLEXITY" missed="1" covered="0"/><counter type="METHOD" missed="1" covered="0"/></method><method name="&lt;init&gt;" desc="(Ljava/lang/Throwable;)V" line="48"><counter type="INSTRUCTION" missed="4" covered="0"/><counter type="LINE" missed="2" covered="0"/><counter type="COMPLEXITY" missed="1" covered="0"/><counter type="METHOD" missed="1" covered="0"/></method><counter type="INSTRUCTION" missed="13" covered="0"/><counter type="LINE" missed="6" covered="0"/><counter type="COMPLEXITY" missed="3" covered="0"/><counter type="METHOD" missed="3" covered="0"/><counter type="CLASS" missed="1" covered="0"/></class><class name="biz/gabrys/lesscss/compiler/StringUtils"><method name="&lt;init&gt;" desc="()V" line="17"><counter type="INSTRUCTION" missed="3" covered="0"/><counter type="LINE" missed="2" covered="0"/><counter type="COMPLEXITY" missed="1" covered="0"/><counter type="METHOD" missed="1" covered="0"/></method><method name="isNotBlank" desc="(Ljava/lang/String;)Z" line="22"><counter type="INSTRUCTION" missed="0" covered="25"/><counter type="BRANCH" missed="0" covered="8"/><counter type="LINE" missed="0" covered="6"/><counter type="COMPLEXITY" missed="0" covered="5"/><counter type="METHOD" missed="0" covered="1"/></method><counter type="INSTRUCTION" missed="3" covered="25"/><counter type="BRANCH" missed="0" covered="8"/><counter type="LINE" missed="2" covered="6"/><counter type="COMPLEXITY" missed="1" covered="5"/><counter type="METHOD" missed="1" covered="1"/><counter type="CLASS" missed="0" covered="1"/></class><class name="biz/gabrys/lesscss/compiler/CompilerOptionsBuilder"><method name="&lt;init&gt;" desc="()V" line="27"><counter type="INSTRUCTION" missed="0" covered="22"/><counter type="LINE" missed="0" covered="7"/><counter type="COMPLEXITY" missed="0" covered="1"/><counter type="METHOD" missed="0" covered="1"/></method><method name="&lt;init&gt;" desc="(Lbiz/gabrys/lesscss/compiler/OperatingSystemChecker;)V" line="27"><counter type="INSTRUCTION" missed="20" covered="0"/><counter type="LINE" missed="7" covered="0"/><counter type="COMPLEXITY" missed="1" covered="0"/><counter type="METHOD" missed="1" covered="0"/></method><method name="isIeCompatability" desc="()Z" line="62"><counter type="INSTRUCTION" missed="3" covered="0"/><counter type="LINE" missed="1" covered="0"/><counter type="COMPLEXITY" missed="1" covered="0"/><counter type="METHOD" missed="1" covered="0"/></method><method name="setIeCompatability" desc="(Z)Lbiz/gabrys/lesscss/compiler/CompilerOptionsBuilder;" line="73"><counter type="INSTRUCTION" missed="5" covered="0"/><counter type="LINE" missed="2" covered="0"/><counter type="COMPLEXITY" missed="1" covered="0"/><counter type="METHOD" missed="1" covered="0"/></method><method name="getIncludePaths" desc="()Ljava/util/List;" line="84"><counter type="INSTRUCTION" missed="6" covered="0"/><counter type="LINE" missed="1" covered="0"/><counter type="COMPLEXITY" missed="1" covered="0"/><counter type="METHOD" missed="1" covered="0"/></method><method name="setIncludePaths" desc="(Ljava/util/List;)Lbiz/gabrys/lesscss/compiler/CompilerOptionsBuilder;" line="94"><counter type="INSTRUCTION" missed="8" covered="0"/><counter type="LINE" missed="2" covered="0"/><counter type="COMPLEXITY" missed="1" covered="0"/><counter type="METHOD" missed="1" covered="0"/></method><method name="isMinified" desc="()Z" line="106"><counter type="INSTRUCTION" missed="3" covered="0"/><counter type="LINE" missed="1" covered="0"/><counter type="COMPLEXITY" missed="1" covered="0"/><counter type="METHOD" missed="1" covered="0"/></method><method name="setMinified" desc="(Z)Lbiz/gabrys/lesscss/compiler/CompilerOptionsBuilder;" line="117"><counter type="INSTRUCTION" missed="0" covered="5"/><counter type="LINE" missed="0" covered="2"/><counter type="COMPLEXITY" missed="0" covered="1"/><counter type="METHOD" missed="0" covered="1"/></method><method name="isRelativeUrls" desc="()Z" line="127"><counter type="INSTRUCTION" missed="3" covered="0"/><counter type="LINE" missed="1" covered="0"/><counter type="COMPLEXITY" missed="1" covered="0"/><counter type="METHOD" missed="1" covered="0"/></method><method name="setRelativeUrls" desc="(Z)Lbiz/gabrys/lesscss/compiler/CompilerOptionsBuilder;" line="137"><counter type="INSTRUCTION" missed="5" covered="0"/><counter type="LINE" missed="2" covered="0"/><counter type="COMPLEXITY" missed="1" covered="0"/><counter type="METHOD" missed="1" covered="0"/></method><method name="getRootPath" desc="()Ljava/lang/String;" line="149"><counter type="INSTRUCTION" missed="3" covered="0"/><counter type="LINE" missed="1" covered="0"/><counter type="COMPLEXITY" missed="1" covered="0"/><counter type="METHOD" missed="1" covered="0"/></method><method name="setRootPath" desc="(Ljava/lang/String;)Lbiz/gabrys/lesscss/compiler/CompilerOptionsBuilder;" line="160"><counter type="INSTRUCTION" missed="5" covered="0"/><counter type="LINE" missed="2" covered="0"/><counter type="COMPLEXITY" missed="1" covered="0"/><counter type="METHOD" missed="1" covered="0"/></method><method name="isStrictImports" desc="()Z" line="172"><counter type="INSTRUCTION" missed="3" covered="0"/><counter type="LINE" missed="1" covered="0"/><counter type="COMPLEXITY" missed="1" covered="0"/><counter type="METHOD" missed="1" covered="0"/></method><method name="setStrictImports" desc="(Z)Lbiz/gabrys/lesscss/compiler/CompilerOptionsBuilder;" line="184"><counter type="INSTRUCTION" missed="5" covered="0"/><counter type="LINE" missed="2" covered="0"/><counter type="COMPLEXITY" missed="1" covered="0"/><counter type="METHOD" missed="1" covered="0"/></method><method name="isStrictMath" desc="()Z" line="196"><counter type="INSTRUCTION" missed="3" covered="0"/><counter type="LINE" missed="1" covered="0"/><counter type="COMPLEXITY" missed="1" covered="0"/><counter type="METHOD" missed="1" covered="0"/></method><method name="setStrictMath" desc="(Z)Lbiz/gabrys/lesscss/compiler/CompilerOptionsBuilder;" line="208"><counter type="INSTRUCTION" missed="5" covered="0"/><counter type="LINE" missed="2" covered="0"/><counter type="COMPLEXITY" missed="1" covered="0"/><counter type="METHOD" missed="1" covered="0"/></method><method name="isStrictUnits" desc="()Z" line="220"><counter type="INSTRUCTION" missed="3" covered="0"/><counter type="LINE" missed="1" covered="0"/><counter type="COMPLEXITY" missed="1" covered="0"/><counter type="METHOD" missed="1" covered="0"/></method><method name="setStrictUnits" desc="(Z)Lbiz/gabrys/lesscss/compiler/CompilerOptionsBuilder;" line="232"><counter type="INSTRUCTION" missed="5" covered="0"/><counter type="LINE" missed="2" covered="0"/><counter type="COMPLEXITY" missed="1" covered="0"/><counter type="METHOD" missed="1" covered="0"/></method><method name="getUrlsArgument" desc="()Ljava/lang/String;" line="242"><counter type="INSTRUCTION" missed="3" covered="0"/><counter type="LINE" missed="1" covered="0"/><counter type="COMPLEXITY" missed="1" covered="0"/><counter type="METHOD" missed="1" covered="0"/></method><method name="setUrlsArgument" desc="(Ljava/lang/String;)Lbiz/gabrys/lesscss/compiler/CompilerOptionsBuilder;" line="252"><counter type="INSTRUCTION" missed="5" covered="0"/><counter type="LINE" missed="2" covered="0"/><counter type="COMPLEXITY" missed="1" covered="0"/><counter type="METHOD" missed="1" covered="0"/></method><method name="create" desc="()Lbiz/gabrys/lesscss/compiler/CompilerOptions;" line="262"><counter type="INSTRUCTION" missed="58" covered="67"/><counter type="BRANCH" missed="9" covered="9"/><counter type="LINE" missed="6" covered="13"/><counter type="COMPLEXITY" missed="9" covered="1"/><counter type="METHOD" missed="0" covered="1"/></method><method name="getIncludePathsArgumentValue" desc="()Ljava/lang/String;" line="291"><counter type="INSTRUCTION" missed="46" covered="9"/><counter type="BRANCH" missed="12" covered="2"/><counter type="LINE" missed="9" covered="2"/><counter type="COMPLEXITY" missed="7" covered="1"/><counter type="METHOD" missed="0" covered="1"/></method><counter type="INSTRUCTION" missed="197" covered="103"/><counter type="BRANCH" missed="21" covered="11"/><counter type="LINE" missed="43" covered="24"/><counter type="COMPLEXITY" missed="34" covered="4"/><counter type="METHOD" missed="18" covered="4"/><counter type="CLASS" missed="0" covered="1"/></class><sourcefile name="LessCompilerImpl.java"><line nr="56" mi="0" ci="4" mb="0" cb="0"/><line nr="61" mi="0" ci="5" mb="0" cb="0"/><line nr="71" mi="0" ci="2" mb="0" cb="0"/><line nr="73" mi="0" ci="1" mb="0" cb="0"/><line nr="83" mi="0" ci="8" mb="0" cb="0"/><line nr="94" mi="0" ci="5" mb="0" cb="0"/><line nr="95" mi="0" ci="3" mb="0" cb="2"/><line nr="96" mi="0" ci="2" mb="0" cb="0"/><line nr="99" mi="0" ci="2" mb="0" cb="0"/><line nr="101" mi="0" ci="6" mb="0" cb="0"/><line nr="102" mi="0" ci="3" mb="0" cb="0"/><line nr="103" mi="0" ci="4" mb="0" cb="0"/><line nr="105" mi="0" ci="7" mb="0" cb="0"/><line nr="106" mi="0" ci="5" mb="0" cb="0"/><line nr="108" mi="0" ci="9" mb="0" cb="0"/><line nr="109" mi="0" ci="7" mb="0" cb="0"/><line nr="111" mi="0" ci="1" mb="0" cb="0"/><line nr="112" mi="0" ci="4" mb="0" cb="0"/><line nr="113" mi="1" ci="0" mb="0" cb="0"/><line nr="114" mi="5" ci="0" mb="0" cb="0"/><line nr="116" mi="0" ci="7" mb="0" cb="0"/><line nr="117" mi="0" ci="6" mb="0" cb="0"/><line nr="119" mi="0" ci="5" mb="0" cb="0"/><line nr="124" mi="0" ci="2" mb="0" cb="0"/><line nr="125" mi="0" ci="3" mb="0" cb="0"/><line nr="127" mi="0" ci="4" mb="0" cb="0"/><line nr="128" mi="0" ci="3" mb="0" cb="0"/><line nr="129" mi="0" ci="5" mb="0" cb="0"/><line nr="131" mi="0" ci="5" mb="0" cb="0"/><line nr="132" mi="0" ci="9" mb="0" cb="0"/><line nr="134" mi="0" ci="4" mb="0" cb="0"/><line nr="135" mi="0" ci="4" mb="0" cb="0"/><line nr="137" mi="0" ci="4" mb="0" cb="0"/><line nr="138" mi="0" ci="6" mb="0" cb="0"/><line nr="139" mi="0" ci="6" mb="0" cb="0"/><line nr="141" mi="0" ci="10" mb="0" cb="0"/><line nr="142" mi="0" ci="10" mb="0" cb="0"/><line nr="144" mi="1" ci="0" mb="0" cb="0"/><line nr="145" mi="6" ci="0" mb="0" cb="0"/><line nr="148" mi="4" ci="1" mb="0" cb="0"/><line nr="149" mi="0" ci="1" mb="0" cb="0"/><line nr="150" mi="0" ci="1" mb="0" cb="0"/><line nr="153" mi="0" ci="4" mb="0" cb="0"/><line nr="154" mi="0" ci="5" mb="0" cb="0"/><line nr="155" mi="0" ci="5" mb="0" cb="0"/><line nr="156" mi="0" ci="3" mb="0" cb="0"/><line nr="160" mi="0" ci="4" mb="0" cb="0"/><line nr="161" mi="0" ci="6" mb="2" cb="2"/><line nr="162" mi="0" ci="5" mb="0" cb="0"/><line nr="163" mi="0" ci="4" mb="0" cb="0"/><line nr="164" mi="0" ci="3" mb="0" cb="2"/><line nr="165" mi="0" ci="9" mb="0" cb="0"/><line nr="167" mi="0" ci="6" mb="0" cb="0"/><line nr="169" mi="5" ci="0" mb="0" cb="0"/><counter type="INSTRUCTION" missed="22" covered="228"/><counter type="BRANCH" missed="2" covered="6"/><counter type="LINE" missed="5" covered="49"/><counter type="COMPLEXITY" missed="2" covered="9"/><counter type="METHOD" missed="0" covered="7"/><counter type="CLASS" missed="0" covered="1"/></sourcefile><sourcefile name="OperatingSystemCheckerImpl.java"><line nr="28" mi="0" ci="2" mb="0" cb="0"/><line nr="29" mi="0" ci="6" mb="0" cb="0"/><line nr="30" mi="0" ci="1" mb="0" cb="0"/><line nr="33" mi="3" ci="0" mb="0" cb="0"/><counter type="INSTRUCTION" missed="3" covered="9"/><counter type="LINE" missed="1" covered="3"/><counter type="COMPLEXITY" missed="1" covered="1"/><counter type="METHOD" missed="1" covered="1"/><counter type="CLASS" missed="0" covered="1"/></sourcefile><sourcefile name="ResolveImportException.java"><line nr="32" mi="3" ci="0" mb="0" cb="0"/><line nr="33" mi="3" ci="0" mb="0" cb="0"/><line nr="34" mi="1" ci="0" mb="0" cb="0"/><line nr="44" mi="0" ci="4" mb="0" cb="0"/><line nr="45" mi="0" ci="3" mb="0" cb="0"/><line nr="46" mi="0" ci="1" mb="0" cb="0"/><line nr="53" mi="0" ci="3" mb="0" cb="0"/><counter type="INSTRUCTION" missed="7" covered="11"/><counter type="LINE" missed="3" covered="4"/><counter type="COMPLEXITY" missed="1" covered="2"/><counter type="METHOD" missed="1" covered="2"/><counter type="CLASS" missed="0" covered="1"/></sourcefile><sourcefile name="CompilerOptions.java"><line nr="33" mi="0" ci="2" mb="0" cb="0"/><line nr="34" mi="0" ci="6" mb="0" cb="0"/><line nr="35" mi="0" ci="1" mb="0" cb="0"/><line nr="44" mi="0" ci="6" mb="0" cb="0"/><counter type="INSTRUCTION" missed="0" covered="15"/><counter type="LINE" missed="0" covered="4"/><counter type="COMPLEXITY" missed="0" covered="2"/><counter type="METHOD" missed="0" covered="2"/><counter type="CLASS" missed="0" covered="1"/></sourcefile><sourcefile name="InitializationException.java"><line nr="29" mi="3" ci="0" mb="0" cb="0"/><line nr="30" mi="1" ci="0" mb="0" cb="0"/><line nr="39" mi="4" ci="0" mb="0" cb="0"/><line nr="40" mi="1" ci="0" mb="0" cb="0"/><line nr="48" mi="3" ci="0" mb="0" cb="0"/><line nr="49" mi="1" ci="0" mb="0" cb="0"/><counter type="INSTRUCTION" missed="13" covered="0"/><counter type="LINE" missed="6" covered="0"/><counter type="COMPLEXITY" missed="3" covered="0"/><counter type="METHOD" missed="3" covered="0"/><counter type="CLASS" missed="1" covered="0"/></sourcefile><sourcefile name="CompilerException.java"><line nr="29" mi="3" ci="0" mb="0" cb="0"/><line nr="30" mi="1" ci="0" mb="0" cb="0"/><line nr="39" mi="0" ci="4" mb="0" cb="0"/><line nr="40" mi="0" ci="1" mb="0" cb="0"/><line nr="48" mi="3" ci="0" mb="0" cb="0"/><line nr="49" mi="1" ci="0" mb="0" cb="0"/><counter type="INSTRUCTION" missed="8" covered="5"/><counter type="LINE" missed="4" covered="2"/><counter type="COMPLEXITY" missed="2" covered="1"/><counter type="METHOD" missed="2" covered="1"/><counter type="CLASS" missed="0" covered="1"/></sourcefile><sourcefile name="SyntaxException.java"><line nr="29" mi="3" ci="0" mb="0" cb="0"/><line nr="30" mi="1" ci="0" mb="0" cb="0"/><line nr="39" mi="0" ci="4" mb="0" cb="0"/><line nr="40" mi="0" ci="1" mb="0" cb="0"/><line nr="48" mi="3" ci="0" mb="0" cb="0"/><line nr="49" mi="1" ci="0" mb="0" cb="0"/><counter type="INSTRUCTION" missed="8" covered="5"/><counter type="LINE" missed="4" covered="2"/><counter type="COMPLEXITY" missed="2" covered="1"/><counter type="METHOD" missed="2" covered="1"/><counter type="CLASS" missed="0" covered="1"/></sourcefile><sourcefile name="StringUtils.java"><line nr="17" mi="2" ci="0" mb="0" cb="0"/><line nr="19" mi="1" ci="0" mb="0" cb="0"/><line nr="22" mi="0" ci="6" mb="0" cb="4"/><line nr="23" mi="0" ci="2" mb="0" cb="0"/><line nr="25" mi="0" ci="8" mb="0" cb="2"/><line nr="26" mi="0" ci="5" mb="0" cb="2"/><line nr="27" mi="0" ci="2" mb="0" cb="0"/><line nr="30" mi="0" ci="2" mb="0" cb="0"/><counter type="INSTRUCTION" missed="3" covered="25"/><counter type="BRANCH" missed="0" covered="8"/><counter type="LINE" missed="2" covered="6"/><counter type="COMPLEXITY" missed="1" covered="5"/><counter type="METHOD" missed="1" covered="1"/><counter type="CLASS" missed="0" covered="1"/></sourcefile><sourcefile name="CompilerOptionsBuilder.java"><line nr="27" mi="3" ci="3" mb="0" cb="0"/><line nr="28" mi="5" ci="5" mb="0" cb="0"/><line nr="31" mi="3" ci="3" mb="0" cb="0"/><line nr="35" mi="3" ci="3" mb="0" cb="0"/><line nr="41" mi="0" ci="2" mb="0" cb="0"/><line nr="42" mi="0" ci="5" mb="0" cb="0"/><line nr="43" mi="0" ci="1" mb="0" cb="0"/><line nr="50" mi="2" ci="0" mb="0" cb="0"/><line nr="51" mi="3" ci="0" mb="0" cb="0"/><line nr="52" mi="1" ci="0" mb="0" cb="0"/><line nr="62" mi="3" ci="0" mb="0" cb="0"/><line nr="73" mi="3" ci="0" mb="0" cb="0"/><line nr="74" mi="2" ci="0" mb="0" cb="0"/><line nr="84" mi="6" ci="0" mb="0" cb="0"/><line nr="94" mi="6" ci="0" mb="0" cb="0"/><line nr="95" mi="2" ci="0" mb="0" cb="0"/><line nr="106" mi="3" ci="0" mb="0" cb="0"/><line nr="117" mi="0" ci="3" mb="0" cb="0"/><line nr="118" mi="0" ci="2" mb="0" cb="0"/><line nr="127" mi="3" ci="0" mb="0" cb="0"/><line nr="137" mi="3" ci="0" mb="0" cb="0"/><line nr="138" mi="2" ci="0" mb="0" cb="0"/><line nr="149" mi="3" ci="0" mb="0" cb="0"/><line nr="160" mi="3" ci="0" mb="0" cb="0"/><line nr="161" mi="2" ci="0" mb="0" cb="0"/><line nr="172" mi="3" ci="0" mb="0" cb="0"/><line nr="184" mi="3" ci="0" mb="0" cb="0"/><line nr="185" mi="2" ci="0" mb="0" cb="0"/><line nr="196" mi="3" ci="0" mb="0" cb="0"/><line nr="208" mi="3" ci="0" mb="0" cb="0"/><line nr="209" mi="2" ci="0" mb="0" cb="0"/><line nr="220" mi="3" ci="0" mb="0" cb="0"/><line nr="232" mi="3" ci="0" mb="0" cb="0"/><line nr="233" mi="2" ci="0" mb="0" cb="0"/><line nr="242" mi="3" ci="0" mb="0" cb="0"/><line nr="252" mi="3" ci="0" mb="0" cb="0"/><line nr="253" mi="2" ci="0" mb="0" cb="0"/><line nr="262" mi="0" ci="4" mb="0" cb="0"/><line nr="263" mi="0" ci="3" mb="1" cb="1"/><line nr="264" mi="4" ci="0" mb="0" cb="0"/><line nr="266" mi="0" ci="3" mb="0" cb="0"/><line nr="267" mi="0" ci="3" mb="1" cb="1"/><line nr="268" mi="11" ci="0" mb="0" cb="0"/><line nr="270" mi="0" ci="3" mb="1" cb="1"/><line nr="271" mi="0" ci="4" mb="0" cb="0"/><line nr="273" mi="0" ci="3" mb="1" cb="1"/><line nr="274" mi="4" ci="0" mb="0" cb="0"/><line nr="276" mi="0" ci="4" mb="1" cb="1"/><line nr="277" mi="13" ci="0" mb="0" cb="0"/><line nr="279" mi="0" ci="3" mb="1" cb="1"/><line nr="280" mi="4" ci="0" mb="0" cb="0"/><line nr="282" mi="2" ci="14" mb="1" cb="1"/><line nr="283" mi="2" ci="14" mb="1" cb="1"/><line nr="284" mi="0" ci="4" mb="1" cb="1"/><line nr="285" mi="18" ci="0" mb="0" cb="0"/><line nr="287" mi="0" ci="5" mb="0" cb="0"/><line nr="291" mi="0" ci="7" mb="2" cb="2"/><line nr="292" mi="0" ci="2" mb="0" cb="0"/><line nr="294" mi="4" ci="0" mb="0" cb="0"/><line nr="295" mi="11" ci="0" mb="2" cb="0"/><line nr="296" mi="3" ci="0" mb="2" cb="0"/><line nr="297" mi="7" ci="0" mb="2" cb="0"/><line nr="298" mi="2" ci="0" mb="2" cb="0"/><line nr="299" mi="10" ci="0" mb="2" cb="0"/><line nr="301" mi="5" ci="0" mb="0" cb="0"/><line nr="303" mi="1" ci="0" mb="0" cb="0"/><line nr="304" mi="3" ci="0" mb="0" cb="0"/><counter type="INSTRUCTION" missed="197" covered="103"/><counter type="BRANCH" missed="21" covered="11"/><counter type="LINE" missed="43" covered="24"/><counter type="COMPLEXITY" missed="34" covered="4"/><counter type="METHOD" missed="18" covered="4"/><counter type="CLASS" missed="0" covered="1"/></sourcefile><counter type="INSTRUCTION" missed="261" covered="401"/><counter type="BRANCH" missed="23" covered="25"/><counter type="LINE" missed="68" covered="94"/><counter type="COMPLEXITY" missed="46" covered="25"/><counter type="METHOD" missed="28" covered="19"/><counter type="CLASS" missed="1" covered="8"/></package><counter type="INSTRUCTION" missed="261" covered="401"/><counter type="BRANCH" missed="23" covered="25"/><counter type="LINE" missed="68" covered="94"/><counter type="COMPLEXITY" missed="46" covered="25"/><counter type="METHOD" missed="28" covered="19"/><counter type="CLASS" missed="1" covered="8"/></report>